# JRE version: OpenJDK Runtime Environment Corretto-11.0.11.9.1 (11.0.11+9) (build 11.0.11+9-LTS)
# Java VM: OpenJDK 64-Bit Server VM Corretto-11.0.11.9.1 (11.0.11+9-LTS, mixed mode, tiered, compressed oops, g1 gc, windows-amd64)
Heap:
 garbage-first heap   total 157696K, used 106824K [0x0000000080c00000, 0x0000000100000000)
  region size 1024K, 79 young (80896K), 3 survivors (3072K)
 Metaspace       used 35327K, capacity 36709K, committed 36892K, reserved 1081344K
  class space    used 4461K, capacity 4984K, committed 5068K, reserved 1048576K
GC Heap History (19 events):
Event: 1.704 GC heap before
{Heap before GC invocations=0 (full 0):
 garbage-first heap   total 131072K, used 21504K [0x0000000080c00000, 0x0000000100000000)
  region size 1024K, 22 young (22528K), 0 survivors (0K)
 Metaspace       used 13869K, capacity 14178K, committed 14464K, reserved 1062912K
  class space    used 1449K, capacity 1560K, committed 1664K, reserved 1048576K
}
Event: 1.715 GC heap after
{Heap after GC invocations=1 (full 0):
 garbage-first heap   total 131072K, used 6060K [0x0000000080c00000, 0x0000000100000000)
  region size 1024K, 3 young (3072K), 3 survivors (3072K)
 Metaspace       used 13869K, capacity 14178K, committed 14464K, reserved 1062912K
  class space    used 1449K, capacity 1560K, committed 1664K, reserved 1048576K
}
Event: 1.934 GC heap before
{Heap before GC invocations=1 (full 0):
 garbage-first heap   total 131072K, used 21420K [0x0000000080c00000, 0x0000000100000000)
  region size 1024K, 18 young (18432K), 3 survivors (3072K)
 Metaspace       used 14859K, capacity 15291K, committed 15616K, reserved 1062912K
  class space    used 1573K, capacity 1719K, committed 1792K, reserved 1048576K
}
Event: 1.963 GC heap after
{Heap after GC invocations=2 (full 0):
 garbage-first heap   total 131072K, used 6411K [0x0000000080c00000, 0x0000000100000000)
  region size 1024K, 1 young (1024K), 1 survivors (1024K)
 Metaspace       used 14859K, capacity 15291K, committed 15616K, reserved 1062912K
  class space    used 1573K, capacity 1719K, committed 1792K, reserved 1048576K
}
Event: 2.484 GC heap before
{Heap before GC invocations=2 (full 0):
 garbage-first heap   total 131072K, used 37131K [0x0000000080c00000, 0x0000000100000000)
  region size 1024K, 33 young (33792K), 1 survivors (1024K)
 Metaspace       used 20422K, capacity 21163K, committed 21296K, reserved 1069056K
  class space    used 2353K, capacity 2642K, committed 2688K, reserved 1048576K
}
Event: 2.488 GC heap after
{Heap after GC invocations=3 (full 0):
 garbage-first heap   total 131072K, used 8400K [0x0000000080c00000, 0x0000000100000000)
  region size 1024K, 3 young (3072K), 3 survivors (3072K)
 Metaspace       used 20422K, capacity 21163K, committed 21296K, reserved 1069056K
  class space    used 2353K, capacity 2642K, committed 2688K, reserved 1048576K
}
Event: 2.913 GC heap before
{Heap before GC invocations=4 (full 0):
 garbage-first heap   total 131072K, used 67792K [0x0000000080c00000, 0x0000000100000000)
  region size 1024K, 62 young (63488K), 3 survivors (3072K)
 Metaspace       used 27403K, capacity 28345K, committed 28592K, reserved 1075200K
  class space    used 3387K, capacity 3737K, committed 3840K, reserved 1048576K
}
Event: 2.920 GC heap after
{Heap after GC invocations=5 (full 0):
 garbage-first heap   total 131072K, used 10419K [0x0000000080c00000, 0x0000000100000000)
  region size 1024K, 5 young (5120K), 5 survivors (5120K)
 Metaspace       used 27403K, capacity 28345K, committed 28592K, reserved 1075200K
  class space    used 3387K, capacity 3737K, committed 3840K, reserved 1048576K
}
Event: 3.925 GC heap before
{Heap before GC invocations=5 (full 0):
 garbage-first heap   total 131072K, used 83123K [0x0000000080c00000, 0x0000000100000000)
  region size 1024K, 76 young (77824K), 5 survivors (5120K)
 Metaspace       used 33530K, capacity 34732K, committed 34864K, reserved 1079296K
  class space    used 4202K, capacity 4668K, committed 4736K, reserved 1048576K
}
Event: 3.935 GC heap after
{Heap after GC invocations=6 (full 0):
 garbage-first heap   total 131072K, used 13272K [0x0000000080c00000, 0x0000000100000000)
  region size 1024K, 7 young (7168K), 7 survivors (7168K)
 Metaspace       used 33530K, capacity 34732K, committed 34864K, reserved 1079296K
  class space    used 4202K, capacity 4668K, committed 4736K, reserved 1048576K
}
Event: 4.218 GC heap before
{Heap before GC invocations=6 (full 0):
 garbage-first heap   total 131072K, used 31704K [0x0000000080c00000, 0x0000000100000000)
  region size 1024K, 27 young (27648K), 7 survivors (7168K)
 Metaspace       used 34617K, capacity 35880K, committed 35920K, reserved 1081344K
  class space    used 4348K, capacity 4837K, committed 4864K, reserved 1048576K
}
Event: 4.233 GC heap after
{Heap after GC invocations=7 (full 0):
 garbage-first heap   total 157696K, used 14076K [0x0000000080c00000, 0x0000000100000000)
  region size 1024K, 6 young (6144K), 6 survivors (6144K)
 Metaspace       used 34617K, capacity 35880K, committed 35920K, reserved 1081344K
  class space    used 4348K, capacity 4837K, committed 4864K, reserved 1048576K
}
Event: 4.708 GC heap before
{Heap before GC invocations=8 (full 0):
 garbage-first heap   total 157696K, used 88828K [0x0000000080c00000, 0x0000000100000000)
  region size 1024K, 79 young (80896K), 6 survivors (6144K)
 Metaspace       used 35195K, capacity 36537K, committed 36892K, reserved 1081344K
  class space    used 4442K, capacity 4948K, committed 5068K, reserved 1048576K
}
Event: 4.720 GC heap after
{Heap after GC invocations=9 (full 0):
 garbage-first heap   total 157696K, used 20003K [0x0000000080c00000, 0x0000000100000000)
  region size 1024K, 10 young (10240K), 10 survivors (10240K)
 Metaspace       used 35195K, capacity 36537K, committed 36892K, reserved 1081344K
  class space    used 4442K, capacity 4948K, committed 5068K, reserved 1048576K
}
Event: 4.910 GC heap before
{Heap before GC invocations=9 (full 0):
 garbage-first heap   total 157696K, used 95779K [0x0000000080c00000, 0x0000000100000000)
  region size 1024K, 84 young (86016K), 10 survivors (10240K)
 Metaspace       used 35196K, capacity 36537K, committed 36892K, reserved 1081344K
  class space    used 4442K, capacity 4948K, committed 5068K, reserved 1048576K
}
Event: 4.922 GC heap after
{Heap after GC invocations=10 (full 0):
 garbage-first heap   total 157696K, used 25982K [0x0000000080c00000, 0x0000000100000000)
  region size 1024K, 11 young (11264K), 11 survivors (11264K)
 Metaspace       used 35196K, capacity 36537K, committed 36892K, reserved 1081344K
  class space    used 4442K, capacity 4948K, committed 5068K, reserved 1048576K
}
Event: 5.436 GC heap before
{Heap before GC invocations=10 (full 0):
 garbage-first heap   total 157696K, used 102782K [0x0000000080c00000, 0x0000000100000000)
  region size 1024K, 86 young (88064K), 11 survivors (11264K)
 Metaspace       used 35260K, capacity 36642K, committed 36892K, reserved 1081344K
  class space    used 4454K, capacity 4983K, committed 5068K, reserved 1048576K
}
Event: 5.447 GC heap after
{Heap after GC invocations=11 (full 0):
 garbage-first heap   total 157696K, used 29000K [0x0000000080c00000, 0x0000000100000000)
  region size 1024K, 3 young (3072K), 3 survivors (3072K)
 Metaspace       used 35260K, capacity 36642K, committed 36892K, reserved 1081344K
  class space    used 4454K, capacity 4983K, committed 5068K, reserved 1048576K
}
Event: 6.214 GC heap before
{Heap before GC invocations=11 (full 0):
 garbage-first heap   total 157696K, used 106824K [0x0000000080c00000, 0x0000000100000000)
  region size 1024K, 79 young (80896K), 3 survivors (3072K)
 Metaspace       used 35327K, capacity 36709K, committed 36892K, reserved 1081344K
  class space    used 4461K, capacity 4984K, committed 5068K, reserved 1048576K
}

